<?xml version="1.0" encoding="UTF-8"?>
<testng-results ignored="0" total="1" passed="1" failed="0" skipped="0">
  <reporter-output>
  </reporter-output>
  <suite started-at="2024-07-15T10:55:52 IST" name="TOOD API Tests" finished-at="2024-07-15T10:55:54 IST" duration-ms="1539">
    <groups>
    </groups>
    <test started-at="2024-07-15T10:55:52 IST" name="TODO API Tests" finished-at="2024-07-15T10:55:54 IST" duration-ms="1539">
      <class name="com.typicode.jsonplaceholder.tests.UserToDoTests">
        <test-method signature="verifyUsersToDoCompletion()[pri:0, instance:com.typicode.jsonplaceholder.tests.UserToDoTests@11e21d0e]" started-at="2024-07-15T10:55:52 IST" name="verifyUsersToDoCompletion" finished-at="2024-07-15T10:55:54 IST" duration-ms="1422" status="PASS">
          <reporter-output>
          </reporter-output>
        </test-method> <!-- verifyUsersToDoCompletion -->
      </class> <!-- com.typicode.jsonplaceholder.tests.UserToDoTests -->
    </test> <!-- TODO API Tests -->
  </suite> <!-- TOOD API Tests -->
</testng-results>
