<?xml version="1.0" encoding="UTF-8"?>
<testng-results ignored="0" total="1" passed="1" failed="0" skipped="0">
  <reporter-output>
  </reporter-output>
  <suite started-at="2024-07-15T10:53:41 IST" name="TOOD API Tests" finished-at="2024-07-15T10:53:44 IST" duration-ms="3831">
    <groups>
    </groups>
    <test started-at="2024-07-15T10:53:41 IST" name="TODO API Tests" finished-at="2024-07-15T10:53:44 IST" duration-ms="3831">
      <class name="com.typicode.jsonplaceholder.tests.UserToDoTests">
        <test-method signature="verifyUsersToDoCompletion()[pri:0, instance:com.typicode.jsonplaceholder.tests.UserToDoTests@51dcb805]" started-at="2024-07-15T10:53:41 IST" name="verifyUsersToDoCompletion" finished-at="2024-07-15T10:53:44 IST" duration-ms="3421" status="PASS">
          <reporter-output>
          </reporter-output>
        </test-method> <!-- verifyUsersToDoCompletion -->
      </class> <!-- com.typicode.jsonplaceholder.tests.UserToDoTests -->
    </test> <!-- TODO API Tests -->
  </suite> <!-- TOOD API Tests -->
</testng-results>
